Started GET "/" for 127.0.0.1 at 2022-09-09 15:08:59 -0400
Processing by ApplicationController#hello as HTML
  Rendering html template
  Rendered html template (Duration: 0.0ms | Allocations: 20)
Completed 200 OK in 16ms (Views: 8.8ms | ActiveRecord: 0.0ms | Allocations: 3416)


Started GET "/" for 127.0.0.1 at 2022-09-09 15:09:15 -0400
Processing by ApplicationController#hello as HTML
  Rendering html template
  Rendered html template (Duration: 0.0ms | Allocations: 7)
Completed 200 OK in 1ms (Views: 0.3ms | ActiveRecord: 0.0ms | Allocations: 239)


Started GET "/" for 127.0.0.1 at 2022-09-09 15:09:22 -0400
Processing by ApplicationController#hello as HTML
  Rendering html template
  Rendered html template (Duration: 0.0ms | Allocations: 6)
Completed 200 OK in 1ms (Views: 0.4ms | ActiveRecord: 0.0ms | Allocations: 181)


Started GET "/static_pages/home" for 127.0.0.1 at 2022-09-09 15:09:30 -0400
Processing by StaticPagesController#home as HTML
  Rendering layout layouts/application.html.erb
  Rendering static_pages/home.html.erb within layouts/application
  Rendered static_pages/home.html.erb within layouts/application (Duration: 2.7ms | Allocations: 426)
  Rendered layout layouts/application.html.erb (Duration: 355.1ms | Allocations: 87914)
Completed 200 OK in 366ms (Views: 357.1ms | ActiveRecord: 0.0ms | Allocations: 89881)


Started GET "/static_pages/home" for 127.0.0.1 at 2022-09-09 15:15:29 -0400
Processing by StaticPagesController#home as HTML
  Rendering layout layouts/application.html.erb
  Rendering static_pages/home.html.erb within layouts/application
  Rendered static_pages/home.html.erb within layouts/application (Duration: 1.4ms | Allocations: 333)
  Rendered layout layouts/application.html.erb (Duration: 57.3ms | Allocations: 33148)
Completed 200 OK in 68ms (Views: 60.8ms | ActiveRecord: 0.0ms | Allocations: 36541)


Started GET "/static_pages/home" for 127.0.0.1 at 2022-09-09 15:15:30 -0400
Processing by StaticPagesController#home as HTML
  Rendering layout layouts/application.html.erb
  Rendering static_pages/home.html.erb within layouts/application
  Rendered static_pages/home.html.erb within layouts/application (Duration: 0.0ms | Allocations: 9)
  Rendered layout layouts/application.html.erb (Duration: 2.4ms | Allocations: 2359)
Completed 200 OK in 3ms (Views: 2.9ms | ActiveRecord: 0.0ms | Allocations: 2673)


Started GET "/static_pages/home" for 127.0.0.1 at 2022-09-09 15:15:33 -0400
Processing by StaticPagesController#home as HTML
  Rendering layout layouts/application.html.erb
  Rendering static_pages/home.html.erb within layouts/application
  Rendered static_pages/home.html.erb within layouts/application (Duration: 0.1ms | Allocations: 7)
  Rendered layout layouts/application.html.erb (Duration: 2.6ms | Allocations: 2198)
Completed 200 OK in 4ms (Views: 3.1ms | ActiveRecord: 0.0ms | Allocations: 2449)


Started GET "/static_pages/help" for 127.0.0.1 at 2022-09-09 15:15:34 -0400
Processing by StaticPagesController#help as HTML
  Rendering layout layouts/application.html.erb
  Rendering static_pages/help.html.erb within layouts/application
  Rendered static_pages/help.html.erb within layouts/application (Duration: 0.7ms | Allocations: 121)
  Rendered layout layouts/application.html.erb (Duration: 3.0ms | Allocations: 2326)
Completed 200 OK in 4ms (Views: 3.5ms | ActiveRecord: 0.0ms | Allocations: 2654)


Started GET "/static_pages/help" for 127.0.0.1 at 2022-09-09 15:15:59 -0400
Processing by StaticPagesController#help as HTML
  Rendering layout layouts/application.html.erb
  Rendering static_pages/help.html.erb within layouts/application
  Rendered static_pages/help.html.erb within layouts/application (Duration: 0.8ms | Allocations: 128)
  Rendered layout layouts/application.html.erb (Duration: 4.3ms | Allocations: 2756)
Completed 200 OK in 9ms (Views: 7.1ms | ActiveRecord: 0.0ms | Allocations: 3573)


Started GET "/static_pages/help" for 127.0.0.1 at 2022-09-09 15:16:02 -0400
Processing by StaticPagesController#help as HTML
  Rendering layout layouts/application.html.erb
  Rendering static_pages/help.html.erb within layouts/application
  Rendered static_pages/help.html.erb within layouts/application (Duration: 0.1ms | Allocations: 7)
  Rendered layout layouts/application.html.erb (Duration: 3.1ms | Allocations: 2197)
Completed 200 OK in 4ms (Views: 3.7ms | ActiveRecord: 0.0ms | Allocations: 2463)


Started GET "/static_pages/home" for 127.0.0.1 at 2022-09-09 15:16:04 -0400
Processing by StaticPagesController#home as HTML
  Rendering layout layouts/application.html.erb
  Rendering static_pages/home.html.erb within layouts/application
  Rendered static_pages/home.html.erb within layouts/application (Duration: 0.5ms | Allocations: 101)
  Rendered layout layouts/application.html.erb (Duration: 2.5ms | Allocations: 2293)
Completed 200 OK in 3ms (Views: 2.8ms | ActiveRecord: 0.0ms | Allocations: 2593)


  [1m[35m (6.5ms)[0m  [1m[35mCREATE TABLE "schema_migrations" ("version" varchar NOT NULL PRIMARY KEY)[0m
  [1m[35m (1.4ms)[0m  [1m[35mCREATE TABLE "ar_internal_metadata" ("key" varchar NOT NULL PRIMARY KEY, "value" varchar, "created_at" datetime(6) NOT NULL, "updated_at" datetime(6) NOT NULL)[0m
  [1m[36mActiveRecord::InternalMetadata Load (0.7ms)[0m  [1m[34mSELECT "ar_internal_metadata".* FROM "ar_internal_metadata" WHERE "ar_internal_metadata"."key" = ? LIMIT ?[0m  [["key", "environment"], ["LIMIT", 1]]
  [1m[36mTRANSACTION (0.1ms)[0m  [1m[36mbegin transaction[0m
  [1m[36mActiveRecord::InternalMetadata Create (0.4ms)[0m  [1m[32mINSERT INTO "ar_internal_metadata" ("key", "value", "created_at", "updated_at") VALUES (?, ?, ?, ?)[0m  [["key", "environment"], ["value", "development"], ["created_at", "2022-09-09 19:20:48.049579"], ["updated_at", "2022-09-09 19:20:48.049579"]]
  [1m[36mTRANSACTION (0.8ms)[0m  [1m[36mcommit transaction[0m
  [1m[36mActiveRecord::SchemaMigration Pluck (0.1ms)[0m  [1m[34mSELECT "schema_migrations"."version" FROM "schema_migrations" ORDER BY "schema_migrations"."version" ASC[0m
Started GET "/static_pages/home" for 127.0.0.1 at 2022-09-09 15:28:26 -0400
  [1m[36mActiveRecord::SchemaMigration Pluck (0.1ms)[0m  [1m[34mSELECT "schema_migrations"."version" FROM "schema_migrations" ORDER BY "schema_migrations"."version" ASC[0m
Processing by StaticPagesController#home as HTML
  Rendering layout layouts/application.html.erb
  Rendering static_pages/home.html.erb within layouts/application
  Rendered static_pages/home.html.erb within layouts/application (Duration: 0.9ms | Allocations: 335)
  Rendered layout layouts/application.html.erb (Duration: 54.5ms | Allocations: 33125)
Completed 200 OK in 63ms (Views: 57.6ms | ActiveRecord: 0.0ms | Allocations: 36518)


Started GET "/static_pages/home" for 127.0.0.1 at 2022-09-09 15:28:27 -0400
Processing by StaticPagesController#home as HTML
  Rendering layout layouts/application.html.erb
  Rendering static_pages/home.html.erb within layouts/application
  Rendered static_pages/home.html.erb within layouts/application (Duration: 0.1ms | Allocations: 9)
  Rendered layout layouts/application.html.erb (Duration: 2.8ms | Allocations: 2385)
Completed 200 OK in 4ms (Views: 3.3ms | ActiveRecord: 0.0ms | Allocations: 2699)


Started GET "/static_pages/help" for 127.0.0.1 at 2022-09-09 15:28:28 -0400
Processing by StaticPagesController#help as HTML
  Rendering layout layouts/application.html.erb
  Rendering static_pages/help.html.erb within layouts/application
  Rendered static_pages/help.html.erb within layouts/application (Duration: 0.5ms | Allocations: 121)
  Rendered layout layouts/application.html.erb (Duration: 2.7ms | Allocations: 2310)
Completed 200 OK in 4ms (Views: 3.3ms | ActiveRecord: 0.0ms | Allocations: 2638)


Started GET "/static_pages/about" for 127.0.0.1 at 2022-09-09 15:28:29 -0400
Processing by StaticPagesController#about as HTML
  Rendering layout layouts/application.html.erb
  Rendering static_pages/about.html.erb within layouts/application
  Rendered static_pages/about.html.erb within layouts/application (Duration: 0.5ms | Allocations: 106)
  Rendered layout layouts/application.html.erb (Duration: 3.4ms | Allocations: 2307)
Completed 200 OK in 5ms (Views: 4.0ms | ActiveRecord: 0.0ms | Allocations: 2613)


Started GET "/static_pages/home" for 127.0.0.1 at 2022-09-09 15:35:42 -0400
  [1m[36mActiveRecord::SchemaMigration Pluck (0.1ms)[0m  [1m[34mSELECT "schema_migrations"."version" FROM "schema_migrations" ORDER BY "schema_migrations"."version" ASC[0m
Processing by StaticPagesController#home as HTML
  Rendering static_pages/home.html.erb
  Rendered static_pages/home.html.erb (Duration: 1.1ms | Allocations: 350)
Completed 200 OK in 11ms (Views: 4.9ms | ActiveRecord: 0.0ms | Allocations: 3834)


Started GET "/" for 127.0.0.1 at 2022-09-12 11:08:58 -0400
  [1m[36mActiveRecord::SchemaMigration Pluck (0.6ms)[0m  [1m[34mSELECT "schema_migrations"."version" FROM "schema_migrations" ORDER BY "schema_migrations"."version" ASC[0m
  
AbstractController::ActionNotFound (The action 'home' could not be found for ApplicationController):
  
actionpack (7.0.4) lib/abstract_controller/base.rb:146:in `process'
actionview (7.0.4) lib/action_view/rendering.rb:39:in `process'
actionpack (7.0.4) lib/action_controller/metal.rb:188:in `dispatch'
actionpack (7.0.4) lib/action_controller/metal.rb:251:in `dispatch'
actionpack (7.0.4) lib/action_dispatch/routing/route_set.rb:49:in `dispatch'
actionpack (7.0.4) lib/action_dispatch/routing/route_set.rb:32:in `serve'
actionpack (7.0.4) lib/action_dispatch/journey/router.rb:50:in `block in serve'
actionpack (7.0.4) lib/action_dispatch/journey/router.rb:32:in `each'
actionpack (7.0.4) lib/action_dispatch/journey/router.rb:32:in `serve'
actionpack (7.0.4) lib/action_dispatch/routing/route_set.rb:852:in `call'
rack (2.2.4) lib/rack/tempfile_reaper.rb:15:in `call'
rack (2.2.4) lib/rack/etag.rb:27:in `call'
rack (2.2.4) lib/rack/conditional_get.rb:27:in `call'
rack (2.2.4) lib/rack/head.rb:12:in `call'
actionpack (7.0.4) lib/action_dispatch/http/permissions_policy.rb:38:in `call'
actionpack (7.0.4) lib/action_dispatch/http/content_security_policy.rb:36:in `call'
rack (2.2.4) lib/rack/session/abstract/id.rb:266:in `context'
rack (2.2.4) lib/rack/session/abstract/id.rb:260:in `call'
actionpack (7.0.4) lib/action_dispatch/middleware/cookies.rb:696:in `call'
activerecord (7.0.4) lib/active_record/migration.rb:603:in `call'
actionpack (7.0.4) lib/action_dispatch/middleware/callbacks.rb:27:in `block in call'
activesupport (7.0.4) lib/active_support/callbacks.rb:99:in `run_callbacks'
actionpack (7.0.4) lib/action_dispatch/middleware/callbacks.rb:26:in `call'
actionpack (7.0.4) lib/action_dispatch/middleware/executor.rb:14:in `call'
actionpack (7.0.4) lib/action_dispatch/middleware/actionable_exceptions.rb:17:in `call'
actionpack (7.0.4) lib/action_dispatch/middleware/debug_exceptions.rb:28:in `call'
web-console (4.2.0) lib/web_console/middleware.rb:132:in `call_app'
web-console (4.2.0) lib/web_console/middleware.rb:28:in `block in call'
web-console (4.2.0) lib/web_console/middleware.rb:17:in `catch'
web-console (4.2.0) lib/web_console/middleware.rb:17:in `call'
actionpack (7.0.4) lib/action_dispatch/middleware/show_exceptions.rb:26:in `call'
railties (7.0.4) lib/rails/rack/logger.rb:40:in `call_app'
railties (7.0.4) lib/rails/rack/logger.rb:25:in `block in call'
activesupport (7.0.4) lib/active_support/tagged_logging.rb:99:in `block in tagged'
activesupport (7.0.4) lib/active_support/tagged_logging.rb:37:in `tagged'
activesupport (7.0.4) lib/active_support/tagged_logging.rb:99:in `tagged'
railties (7.0.4) lib/rails/rack/logger.rb:25:in `call'
sprockets-rails (3.4.2) lib/sprockets/rails/quiet_assets.rb:13:in `call'
actionpack (7.0.4) lib/action_dispatch/middleware/remote_ip.rb:93:in `call'
actionpack (7.0.4) lib/action_dispatch/middleware/request_id.rb:26:in `call'
rack (2.2.4) lib/rack/method_override.rb:24:in `call'
rack (2.2.4) lib/rack/runtime.rb:22:in `call'
activesupport (7.0.4) lib/active_support/cache/strategy/local_cache_middleware.rb:29:in `call'
actionpack (7.0.4) lib/action_dispatch/middleware/server_timing.rb:61:in `block in call'
actionpack (7.0.4) lib/action_dispatch/middleware/server_timing.rb:26:in `collect_events'
actionpack (7.0.4) lib/action_dispatch/middleware/server_timing.rb:60:in `call'
actionpack (7.0.4) lib/action_dispatch/middleware/executor.rb:14:in `call'
actionpack (7.0.4) lib/action_dispatch/middleware/static.rb:23:in `call'
rack (2.2.4) lib/rack/sendfile.rb:110:in `call'
actionpack (7.0.4) lib/action_dispatch/middleware/host_authorization.rb:131:in `call'
railties (7.0.4) lib/rails/engine.rb:530:in `call'
puma (5.6.5) lib/puma/configuration.rb:252:in `call'
puma (5.6.5) lib/puma/request.rb:77:in `block in handle_request'
puma (5.6.5) lib/puma/thread_pool.rb:340:in `with_force_shutdown'
puma (5.6.5) lib/puma/request.rb:76:in `handle_request'
puma (5.6.5) lib/puma/server.rb:443:in `process_client'
puma (5.6.5) lib/puma/thread_pool.rb:147:in `block in spawn_thread'
Started GET "/" for 127.0.0.1 at 2022-09-12 11:09:02 -0400
  
AbstractController::ActionNotFound (The action 'home' could not be found for ApplicationController):
  
actionpack (7.0.4) lib/abstract_controller/base.rb:146:in `process'
actionview (7.0.4) lib/action_view/rendering.rb:39:in `process'
actionpack (7.0.4) lib/action_controller/metal.rb:188:in `dispatch'
actionpack (7.0.4) lib/action_controller/metal.rb:251:in `dispatch'
actionpack (7.0.4) lib/action_dispatch/routing/route_set.rb:49:in `dispatch'
actionpack (7.0.4) lib/action_dispatch/routing/route_set.rb:32:in `serve'
actionpack (7.0.4) lib/action_dispatch/journey/router.rb:50:in `block in serve'
actionpack (7.0.4) lib/action_dispatch/journey/router.rb:32:in `each'
actionpack (7.0.4) lib/action_dispatch/journey/router.rb:32:in `serve'
actionpack (7.0.4) lib/action_dispatch/routing/route_set.rb:852:in `call'
rack (2.2.4) lib/rack/tempfile_reaper.rb:15:in `call'
rack (2.2.4) lib/rack/etag.rb:27:in `call'
rack (2.2.4) lib/rack/conditional_get.rb:27:in `call'
rack (2.2.4) lib/rack/head.rb:12:in `call'
actionpack (7.0.4) lib/action_dispatch/http/permissions_policy.rb:38:in `call'
actionpack (7.0.4) lib/action_dispatch/http/content_security_policy.rb:36:in `call'
rack (2.2.4) lib/rack/session/abstract/id.rb:266:in `context'
rack (2.2.4) lib/rack/session/abstract/id.rb:260:in `call'
actionpack (7.0.4) lib/action_dispatch/middleware/cookies.rb:696:in `call'
activerecord (7.0.4) lib/active_record/migration.rb:603:in `call'
actionpack (7.0.4) lib/action_dispatch/middleware/callbacks.rb:27:in `block in call'
activesupport (7.0.4) lib/active_support/callbacks.rb:99:in `run_callbacks'
actionpack (7.0.4) lib/action_dispatch/middleware/callbacks.rb:26:in `call'
actionpack (7.0.4) lib/action_dispatch/middleware/executor.rb:14:in `call'
actionpack (7.0.4) lib/action_dispatch/middleware/actionable_exceptions.rb:17:in `call'
actionpack (7.0.4) lib/action_dispatch/middleware/debug_exceptions.rb:28:in `call'
web-console (4.2.0) lib/web_console/middleware.rb:132:in `call_app'
web-console (4.2.0) lib/web_console/middleware.rb:28:in `block in call'
web-console (4.2.0) lib/web_console/middleware.rb:17:in `catch'
web-console (4.2.0) lib/web_console/middleware.rb:17:in `call'
actionpack (7.0.4) lib/action_dispatch/middleware/show_exceptions.rb:26:in `call'
railties (7.0.4) lib/rails/rack/logger.rb:40:in `call_app'
railties (7.0.4) lib/rails/rack/logger.rb:25:in `block in call'
activesupport (7.0.4) lib/active_support/tagged_logging.rb:99:in `block in tagged'
activesupport (7.0.4) lib/active_support/tagged_logging.rb:37:in `tagged'
activesupport (7.0.4) lib/active_support/tagged_logging.rb:99:in `tagged'
railties (7.0.4) lib/rails/rack/logger.rb:25:in `call'
sprockets-rails (3.4.2) lib/sprockets/rails/quiet_assets.rb:13:in `call'
actionpack (7.0.4) lib/action_dispatch/middleware/remote_ip.rb:93:in `call'
actionpack (7.0.4) lib/action_dispatch/middleware/request_id.rb:26:in `call'
rack (2.2.4) lib/rack/method_override.rb:24:in `call'
rack (2.2.4) lib/rack/runtime.rb:22:in `call'
activesupport (7.0.4) lib/active_support/cache/strategy/local_cache_middleware.rb:29:in `call'
actionpack (7.0.4) lib/action_dispatch/middleware/server_timing.rb:61:in `block in call'
actionpack (7.0.4) lib/action_dispatch/middleware/server_timing.rb:26:in `collect_events'
actionpack (7.0.4) lib/action_dispatch/middleware/server_timing.rb:60:in `call'
actionpack (7.0.4) lib/action_dispatch/middleware/executor.rb:14:in `call'
actionpack (7.0.4) lib/action_dispatch/middleware/static.rb:23:in `call'
rack (2.2.4) lib/rack/sendfile.rb:110:in `call'
actionpack (7.0.4) lib/action_dispatch/middleware/host_authorization.rb:131:in `call'
railties (7.0.4) lib/rails/engine.rb:530:in `call'
puma (5.6.5) lib/puma/configuration.rb:252:in `call'
puma (5.6.5) lib/puma/request.rb:77:in `block in handle_request'
puma (5.6.5) lib/puma/thread_pool.rb:340:in `with_force_shutdown'
puma (5.6.5) lib/puma/request.rb:76:in `handle_request'
puma (5.6.5) lib/puma/server.rb:443:in `process_client'
puma (5.6.5) lib/puma/thread_pool.rb:147:in `block in spawn_thread'
Started GET "/" for 127.0.0.1 at 2022-09-12 11:09:24 -0400
Processing by StaticPagesController#home as HTML
  Rendering layout layouts/application.html.erb
  Rendering static_pages/home.html.erb within layouts/application
  Rendered static_pages/home.html.erb within layouts/application (Duration: 1.0ms | Allocations: 154)
  Rendered layout layouts/application.html.erb (Duration: 86.5ms | Allocations: 32748)
Completed 200 OK in 94ms (Views: 88.3ms | Allocations: 34948)


Started GET "/" for 127.0.0.1 at 2022-09-12 11:09:27 -0400
Processing by StaticPagesController#home as HTML
  Rendering layout layouts/application.html.erb
  Rendering static_pages/home.html.erb within layouts/application
  Rendered static_pages/home.html.erb within layouts/application (Duration: 0.0ms | Allocations: 10)
  Rendered layout layouts/application.html.erb (Duration: 6.0ms | Allocations: 2220)
Completed 200 OK in 9ms (Views: 8.4ms | Allocations: 2488)


Started GET "/contact" for 127.0.0.1 at 2022-09-12 11:09:29 -0400
  
ActionController::RoutingError (No route matches [GET] "/contact"):
  
Started GET "/" for 127.0.0.1 at 2022-09-12 11:09:49 -0400
Processing by StaticPagesController#home as HTML
  Rendering layout layouts/application.html.erb
  Rendering static_pages/home.html.erb within layouts/application
  Rendered static_pages/home.html.erb within layouts/application (Duration: 0.1ms | Allocations: 11)
  Rendered layout layouts/application.html.erb (Duration: 2.4ms | Allocations: 2326)
Completed 200 OK in 3ms (Views: 2.8ms | Allocations: 2606)


Started GET "/static_pages/about" for 127.0.0.1 at 2022-09-12 11:09:49 -0400
Processing by StaticPagesController#about as HTML
  Rendering layout layouts/application.html.erb
  Rendering static_pages/about.html.erb within layouts/application
  Rendered static_pages/about.html.erb within layouts/application (Duration: 1.3ms | Allocations: 126)
  Rendered layout layouts/application.html.erb (Duration: 3.7ms | Allocations: 2345)
Completed 200 OK in 7ms (Views: 5.4ms | Allocations: 2650)


Started GET "/sample_pages/contact" for 127.0.0.1 at 2022-09-12 11:09:55 -0400
  
ActionController::RoutingError (No route matches [GET] "/sample_pages/contact"):
  
Started GET "/" for 127.0.0.1 at 2022-09-12 11:10:00 -0400
Processing by StaticPagesController#home as HTML
  Rendering layout layouts/application.html.erb
  Rendering static_pages/home.html.erb within layouts/application
  Rendered static_pages/home.html.erb within layouts/application (Duration: 0.1ms | Allocations: 10)
  Rendered layout layouts/application.html.erb (Duration: 3.3ms | Allocations: 2230)
Completed 200 OK in 5ms (Views: 4.0ms | Allocations: 2480)


Started GET "/" for 127.0.0.1 at 2022-09-12 11:19:45 -0400
  [1m[36mActiveRecord::SchemaMigration Pluck (0.6ms)[0m  [1m[34mSELECT "schema_migrations"."version" FROM "schema_migrations" ORDER BY "schema_migrations"."version" ASC[0m
Processing by StaticPagesController#home as HTML
  Rendering layout layouts/application.html.erb
  Rendering static_pages/home.html.erb within layouts/application
  Rendered static_pages/home.html.erb within layouts/application (Duration: 1.5ms | Allocations: 373)
  Rendered layout layouts/application.html.erb (Duration: 63.2ms | Allocations: 33271)
Completed 200 OK in 74ms (Views: 66.8ms | ActiveRecord: 0.0ms | Allocations: 36664)


Started GET "/static_pages/about" for 127.0.0.1 at 2022-09-12 11:19:46 -0400
Processing by StaticPagesController#about as HTML
  Rendering layout layouts/application.html.erb
  Rendering static_pages/about.html.erb within layouts/application
  Rendered static_pages/about.html.erb within layouts/application (Duration: 0.9ms | Allocations: 149)
  Rendered layout layouts/application.html.erb (Duration: 3.9ms | Allocations: 2515)
Completed 200 OK in 5ms (Views: 4.3ms | ActiveRecord: 0.0ms | Allocations: 2906)


Started GET "/static_pages/about" for 127.0.0.1 at 2022-09-12 11:19:50 -0400
Processing by StaticPagesController#about as HTML
  Rendering layout layouts/application.html.erb
  Rendering static_pages/about.html.erb within layouts/application
  Rendered static_pages/about.html.erb within layouts/application (Duration: 0.1ms | Allocations: 10)
  Rendered layout layouts/application.html.erb (Duration: 2.7ms | Allocations: 2211)
Completed 200 OK in 4ms (Views: 3.2ms | ActiveRecord: 0.0ms | Allocations: 2462)


Started GET "/static_pages/about" for 127.0.0.1 at 2022-09-12 11:19:53 -0400
Processing by StaticPagesController#about as HTML
  Rendering layout layouts/application.html.erb
  Rendering static_pages/about.html.erb within layouts/application
  Rendered static_pages/about.html.erb within layouts/application (Duration: 0.0ms | Allocations: 10)
  Rendered layout layouts/application.html.erb (Duration: 3.5ms | Allocations: 2220)
Completed 200 OK in 5ms (Views: 4.0ms | ActiveRecord: 0.0ms | Allocations: 2471)


Started GET "/static_pages/contact" for 127.0.0.1 at 2022-09-12 11:19:56 -0400
Processing by StaticPagesController#contact as HTML
  Rendering layout layouts/application.html.erb
  Rendering static_pages/contact.html.erb within layouts/application
  Rendered static_pages/contact.html.erb within layouts/application (Duration: 0.9ms | Allocations: 116)
  Rendered layout layouts/application.html.erb (Duration: 3.8ms | Allocations: 2322)
Completed 200 OK in 5ms (Views: 4.3ms | ActiveRecord: 0.0ms | Allocations: 2571)


Started GET "/" for 127.0.0.1 at 2022-09-12 20:00:09 -0400
  [1m[36mActiveRecord::SchemaMigration Pluck (0.7ms)[0m  [1m[34mSELECT "schema_migrations"."version" FROM "schema_migrations" ORDER BY "schema_migrations"."version" ASC[0m
Processing by StaticPagesController#home as HTML
  Rendering layout layouts/application.html.erb
  Rendering static_pages/home.html.erb within layouts/application
  Rendered static_pages/home.html.erb within layouts/application (Duration: 2.4ms | Allocations: 373)
  Rendered layout layouts/application.html.erb (Duration: 80.6ms | Allocations: 33092)
Completed 200 OK in 101ms (Views: 87.2ms | ActiveRecord: 0.0ms | Allocations: 36485)


Started GET "/" for 127.0.0.1 at 2022-09-12 20:00:17 -0400
Processing by StaticPagesController#home as HTML
  Rendering layout layouts/application.html.erb
  Rendering static_pages/home.html.erb within layouts/application
  Rendered static_pages/home.html.erb within layouts/application (Duration: 0.1ms | Allocations: 14)
  Rendered layout layouts/application.html.erb (Duration: 5.6ms | Allocations: 2380)
Completed 200 OK in 8ms (Views: 6.5ms | ActiveRecord: 0.0ms | Allocations: 2694)


Started GET "/about" for 127.0.0.1 at 2022-09-12 20:00:19 -0400
  
ActionController::RoutingError (No route matches [GET] "/about"):
  
Started GET "/static_pages/about" for 127.0.0.1 at 2022-09-12 20:00:26 -0400
Processing by StaticPagesController#about as HTML
  Rendering layout layouts/application.html.erb
  Rendering static_pages/about.html.erb within layouts/application
  Rendered static_pages/about.html.erb within layouts/application (Duration: 1.4ms | Allocations: 127)
  Rendered layout layouts/application.html.erb (Duration: 6.0ms | Allocations: 2487)
Completed 200 OK in 8ms (Views: 6.7ms | ActiveRecord: 0.0ms | Allocations: 2834)


Started GET "/static_pages/about" for 127.0.0.1 at 2022-09-12 20:00:29 -0400
Processing by StaticPagesController#about as HTML
  Rendering layout layouts/application.html.erb
  Rendering static_pages/about.html.erb within layouts/application
  Rendered static_pages/about.html.erb within layouts/application (Duration: 0.1ms | Allocations: 10)
  Rendered layout layouts/application.html.erb (Duration: 17.7ms | Allocations: 2222)
Completed 200 OK in 19ms (Views: 18.4ms | ActiveRecord: 0.0ms | Allocations: 2470)


Started GET "/static_pages/contact" for 127.0.0.1 at 2022-09-12 20:00:30 -0400
Processing by StaticPagesController#contact as HTML
  Rendering layout layouts/application.html.erb
  Rendering static_pages/contact.html.erb within layouts/application
  Rendered static_pages/contact.html.erb within layouts/application (Duration: 1.6ms | Allocations: 119)
  Rendered layout layouts/application.html.erb (Duration: 6.4ms | Allocations: 2335)
Completed 200 OK in 8ms (Views: 7.2ms | ActiveRecord: 0.0ms | Allocations: 2584)


Started GET "/static_pages/contact" for 127.0.0.1 at 2022-09-12 20:00:34 -0400
Processing by StaticPagesController#contact as HTML
  Rendering layout layouts/application.html.erb
  Rendering static_pages/contact.html.erb within layouts/application
  Rendered static_pages/contact.html.erb within layouts/application (Duration: 0.1ms | Allocations: 10)
  Rendered layout layouts/application.html.erb (Duration: 3.1ms | Allocations: 2226)
Completed 200 OK in 4ms (Views: 3.6ms | ActiveRecord: 0.0ms | Allocations: 2475)


Started GET "/static_pages/about" for 127.0.0.1 at 2022-09-12 20:00:35 -0400
Processing by StaticPagesController#about as HTML
  Rendering layout layouts/application.html.erb
  Rendering static_pages/about.html.erb within layouts/application
  Rendered static_pages/about.html.erb within layouts/application (Duration: 0.1ms | Allocations: 10)
  Rendered layout layouts/application.html.erb (Duration: 4.0ms | Allocations: 2204)
Completed 200 OK in 5ms (Views: 4.5ms | ActiveRecord: 0.0ms | Allocations: 2452)


Started GET "/static_pages/FAQ" for 127.0.0.1 at 2022-09-12 20:00:36 -0400
  
ActionController::RoutingError (No route matches [GET] "/static_pages/FAQ"):
  
Started GET "/static_pages/about" for 127.0.0.1 at 2022-09-12 20:00:40 -0400
Processing by StaticPagesController#about as HTML
  Rendering layout layouts/application.html.erb
  Rendering static_pages/about.html.erb within layouts/application
  Rendered static_pages/about.html.erb within layouts/application (Duration: 0.1ms | Allocations: 10)
  Rendered layout layouts/application.html.erb (Duration: 4.8ms | Allocations: 2211)
Completed 200 OK in 6ms (Views: 5.7ms | ActiveRecord: 0.0ms | Allocations: 2459)


